<?xml version="1.0" encoding="UTF-8"?>
<robot generator="Robot 7.2.2 (Python 3.13.2 on darwin)" generated="2025-02-19T14:45:39.323409" rpa="false" schemaversion="5">
<suite id="s1" name="Faceai Tests" source="/Users/dori/faceai_test/tests/faceai_tests.robot">
<kw name="Initialize Driver" type="SETUP">
<kw name="Get Appium Driver" owner="Driver">
<msg time="2025-02-19T14:45:39.486246" level="INFO">Appium driver oluşturuluyor...</msg>
<msg time="2025-02-19T14:45:48.314327" level="INFO">Appium driver başarıyla oluşturuldu</msg>
<msg time="2025-02-19T14:45:48.314748" level="INFO">${driver} = &lt;appium.webdriver.webdriver.WebDriver (session="ac6f7833-9435-40e2-82cd-8e768f2bbaee")&gt;</msg>
<var>${driver}</var>
<doc>Appium driver'ı oluşturur ve döndürür</doc>
<status status="PASS" start="2025-02-19T14:45:39.486147" elapsed="8.828652"/>
</kw>
<kw name="Set Suite Variable" owner="BuiltIn">
<msg time="2025-02-19T14:45:48.316932" level="INFO">${DRIVER} = &lt;appium.webdriver.webdriver.WebDriver (session="ac6f7833-9435-40e2-82cd-8e768f2bbaee")&gt;</msg>
<arg>${DRIVER}</arg>
<arg>${driver}</arg>
<doc>Makes a variable available everywhere within the scope of the current suite.</doc>
<status status="PASS" start="2025-02-19T14:45:48.316535" elapsed="0.000469"/>
</kw>
<status status="PASS" start="2025-02-19T14:45:39.485996" elapsed="8.831876"/>
</kw>
<test id="s1-t1" name="Verify App Launch" line="19">
<kw name="Given Application Is Launched" owner="faceai_steps">
<kw name="Is Driver Initialized" owner="Driver">
<msg time="2025-02-19T14:45:48.561510" level="INFO">${is_initialized} = True</msg>
<var>${is_initialized}</var>
<doc>WebDriver'ın başlatılıp başlatılmadığını kontrol eder</doc>
<status status="PASS" start="2025-02-19T14:45:48.319199" elapsed="0.242379"/>
</kw>
<kw name="Should Be True" owner="BuiltIn">
<arg>${is_initialized}</arg>
<arg>WebDriver başlatılamadı!</arg>
<doc>Fails if the given condition is not true.</doc>
<status status="PASS" start="2025-02-19T14:45:48.562481" elapsed="0.000376"/>
</kw>
<kw name="Sleep" owner="BuiltIn">
<msg time="2025-02-19T14:45:50.564617" level="INFO">Slept 2 seconds.</msg>
<arg>2s</arg>
<doc>Pauses the test executed for the given time.</doc>
<status status="PASS" start="2025-02-19T14:45:48.563102" elapsed="2.001711"/>
</kw>
<doc>Uygulamanın başlatıldığını doğrular</doc>
<status status="PASS" start="2025-02-19T14:45:48.318910" elapsed="2.246881"/>
</kw>
<kw name="Then Log" owner="BuiltIn">
<msg time="2025-02-19T14:45:50.566445" level="INFO">Uygulama başarıyla başlatıldı!</msg>
<arg>Uygulama başarıyla başlatıldı!</arg>
<doc>Logs the given message with the given level.</doc>
<status status="PASS" start="2025-02-19T14:45:50.566217" elapsed="0.000290"/>
</kw>
<doc>Uygulamanın başarıyla başlatıldığını doğrular</doc>
<tag>allure</tag>
<tag>launch</tag>
<tag>smoke</tag>
<status status="PASS" start="2025-02-19T14:45:48.318204" elapsed="2.249014"/>
</test>
<test id="s1-t2" name="Verify Paywall Screen Appears Within 10 Seconds" line="25">
<kw name="Given Application Is Launched" owner="faceai_steps">
<kw name="Is Driver Initialized" owner="Driver">
<msg time="2025-02-19T14:45:50.719653" level="INFO">${is_initialized} = True</msg>
<var>${is_initialized}</var>
<doc>WebDriver'ın başlatılıp başlatılmadığını kontrol eder</doc>
<status status="PASS" start="2025-02-19T14:45:50.572389" elapsed="0.147394"/>
</kw>
<kw name="Should Be True" owner="BuiltIn">
<arg>${is_initialized}</arg>
<arg>WebDriver başlatılamadı!</arg>
<doc>Fails if the given condition is not true.</doc>
<status status="PASS" start="2025-02-19T14:45:50.721430" elapsed="0.000484"/>
</kw>
<kw name="Sleep" owner="BuiltIn">
<msg time="2025-02-19T14:45:52.724257" level="INFO">Slept 2 seconds.</msg>
<arg>2s</arg>
<doc>Pauses the test executed for the given time.</doc>
<status status="PASS" start="2025-02-19T14:45:50.722143" elapsed="2.002584"/>
</kw>
<doc>Uygulamanın başlatıldığını doğrular</doc>
<status status="PASS" start="2025-02-19T14:45:50.571671" elapsed="2.155076"/>
</kw>
<kw name="When Verify Paywall Screen Appears Within Timeout" owner="faceai_steps">
<kw name="PaywallPage.Verify Paywall Screen Visible">
<msg time="2025-02-19T14:45:52.730889" level="FAIL">No keyword with name 'PaywallPage.Verify Paywall Screen Visible' found.</msg>
<var>${result}</var>
<arg>${timeout}</arg>
<status status="FAIL" start="2025-02-19T14:45:52.730789" elapsed="0.000345">No keyword with name 'PaywallPage.Verify Paywall Screen Visible' found.</status>
</kw>
<kw name="Should Be True" owner="BuiltIn">
<arg>${result}</arg>
<arg>Paywall ekranı ${timeout} saniye içinde görünür değil!</arg>
<doc>Fails if the given condition is not true.</doc>
<status status="NOT RUN" start="2025-02-19T14:45:52.732591" elapsed="0.000124"/>
</kw>
<arg>10</arg>
<doc>Paywall ekranının belirtilen süre içinde görünür olup olmadığını doğrular</doc>
<status status="FAIL" start="2025-02-19T14:45:52.727504" elapsed="0.005573">No keyword with name 'PaywallPage.Verify Paywall Screen Visible' found.</status>
</kw>
<kw name="Then Log" owner="BuiltIn">
<arg>Paywall ekranı başarıyla görüntülendi!</arg>
<doc>Logs the given message with the given level.</doc>
<status status="NOT RUN" start="2025-02-19T14:45:52.733439" elapsed="0.000069"/>
</kw>
<doc>Paywall ekranının 10 saniye içinde görünür olduğunu doğrular</doc>
<tag>allure</tag>
<tag>paywall</tag>
<tag>smoke</tag>
<status status="FAIL" start="2025-02-19T14:45:50.570709" elapsed="2.163263">No keyword with name 'PaywallPage.Verify Paywall Screen Visible' found.</status>
</test>
<test id="s1-t3" name="Verify Key Paywall Elements" line="32">
<kw name="Given Application Is Launched" owner="faceai_steps">
<kw name="Is Driver Initialized" owner="Driver">
<msg time="2025-02-19T14:45:52.871984" level="INFO">${is_initialized} = True</msg>
<var>${is_initialized}</var>
<doc>WebDriver'ın başlatılıp başlatılmadığını kontrol eder</doc>
<status status="PASS" start="2025-02-19T14:45:52.738362" elapsed="0.133685"/>
</kw>
<kw name="Should Be True" owner="BuiltIn">
<arg>${is_initialized}</arg>
<arg>WebDriver başlatılamadı!</arg>
<doc>Fails if the given condition is not true.</doc>
<status status="PASS" start="2025-02-19T14:45:52.872993" elapsed="0.000316"/>
</kw>
<kw name="Sleep" owner="BuiltIn">
<msg time="2025-02-19T14:45:54.875852" level="INFO">Slept 2 seconds.</msg>
<arg>2s</arg>
<doc>Pauses the test executed for the given time.</doc>
<status status="PASS" start="2025-02-19T14:45:52.873561" elapsed="2.002783"/>
</kw>
<doc>Uygulamanın başlatıldığını doğrular</doc>
<status status="PASS" start="2025-02-19T14:45:52.737959" elapsed="2.140544"/>
</kw>
<kw name="When Verify Paywall Screen Appears Within Timeout" owner="faceai_steps">
<kw name="PaywallPage.Verify Paywall Screen Visible">
<msg time="2025-02-19T14:45:54.882930" level="FAIL">No keyword with name 'PaywallPage.Verify Paywall Screen Visible' found.</msg>
<var>${result}</var>
<arg>${timeout}</arg>
<status status="FAIL" start="2025-02-19T14:45:54.882749" elapsed="0.000277">No keyword with name 'PaywallPage.Verify Paywall Screen Visible' found.</status>
</kw>
<kw name="Should Be True" owner="BuiltIn">
<arg>${result}</arg>
<arg>Paywall ekranı ${timeout} saniye içinde görünür değil!</arg>
<doc>Fails if the given condition is not true.</doc>
<status status="NOT RUN" start="2025-02-19T14:45:54.884040" elapsed="0.000092"/>
</kw>
<arg>10</arg>
<doc>Paywall ekranının belirtilen süre içinde görünür olup olmadığını doğrular</doc>
<status status="FAIL" start="2025-02-19T14:45:54.879274" elapsed="0.005115">No keyword with name 'PaywallPage.Verify Paywall Screen Visible' found.</status>
</kw>
<kw name="Then Verify All Paywall Elements Are Present" owner="faceai_steps">
<doc>Paywall ekranındaki tüm elementlerin görünür olduğunu doğrular</doc>
<status status="NOT RUN" start="2025-02-19T14:45:54.884745" elapsed="0.000076"/>
</kw>
<doc>Paywall ekranındaki temel elementlerin görünür olduğunu doğrular</doc>
<tag>allure</tag>
<tag>paywall</tag>
<tag>smoke</tag>
<status status="FAIL" start="2025-02-19T14:45:52.737064" elapsed="2.148294">No keyword with name 'PaywallPage.Verify Paywall Screen Visible' found.</status>
</test>
<test id="s1-t4" name="Example Test Case" line="39">
<kw name="Log" owner="BuiltIn">
<msg time="2025-02-19T14:45:54.889066" level="INFO">Running the test case...</msg>
<arg>Running the test case...</arg>
<doc>Logs the given message with the given level.</doc>
<status status="PASS" start="2025-02-19T14:45:54.888703" elapsed="0.000443"/>
</kw>
<doc>This is an example test case</doc>
<tag>allure</tag>
<status status="PASS" start="2025-02-19T14:45:54.888185" elapsed="0.001671"/>
</test>
<kw name="Cleanup Driver" type="TEARDOWN">
<kw name="Run Keyword And Ignore Error" owner="BuiltIn">
<kw name="Quit Appium Driver" owner="Driver">
<msg time="2025-02-19T14:45:54.894634" level="FAIL">AttributeError: type object 'TestUtils' has no attribute 'get_datetime'</msg>
<doc>Appium driver'ı kapatır</doc>
<status status="FAIL" start="2025-02-19T14:45:54.894379" elapsed="0.001604">AttributeError: type object 'TestUtils' has no attribute 'get_datetime'</status>
</kw>
<arg>Driver.Quit Appium Driver</arg>
<doc>Runs the given keyword with the given arguments and ignores possible error.</doc>
<status status="PASS" start="2025-02-19T14:45:54.893400" elapsed="0.003075"/>
</kw>
<status status="PASS" start="2025-02-19T14:45:54.893069" elapsed="0.003557"/>
</kw>
<doc>Face AI Uygulaması Test Suite</doc>
<status status="FAIL" start="2025-02-19T14:45:39.353647" elapsed="15.543084"/>
</suite>
<statistics>
<total>
<stat pass="2" fail="2" skip="0">All Tests</stat>
</total>
<tag>
<stat pass="2" fail="2" skip="0">allure</stat>
<stat pass="1" fail="0" skip="0">launch</stat>
<stat pass="0" fail="2" skip="0">paywall</stat>
<stat pass="1" fail="2" skip="0">smoke</stat>
</tag>
<suite>
<stat name="Faceai Tests" id="s1" pass="2" fail="2" skip="0">Faceai Tests</stat>
</suite>
</statistics>
<errors>
<msg time="2025-02-19T14:45:39.485481" level="ERROR">Error in file '/Users/dori/faceai_test/resources/steps/faceai_steps.robot' on line 4: Importing library '/Users/dori/faceai_test/resources/pages/paywall_page.py' failed: ModuleNotFoundError: No module named 'appium.webdriver.common.mobileby'
Traceback (most recent call last):
  File "/Users/dori/faceai_test/resources/pages/paywall_page.py", line 1, in &lt;module&gt;
    from appium.webdriver.common.mobileby import MobileBy
PYTHONPATH:
  /Users/dori/faceai_test/resources/pages
  /Users/dori/faceai_test/venv/bin
  /Users/dori/faceai_test
  /opt/homebrew/Cellar/python@3.13/3.13.2/Frameworks/Python.framework/Versions/3.13/lib/python313.zip
  /opt/homebrew/Cellar/python@3.13/3.13.2/Frameworks/Python.framework/Versions/3.13/lib/python3.13
  /opt/homebrew/Cellar/python@3.13/3.13.2/Frameworks/Python.framework/Versions/3.13/lib/python3.13/lib-dynload
  /Users/dori/faceai_test/venv/lib/python3.13/site-packages</msg>
</errors>
</robot>
